Running phase: Unpacking ( 0.02s )
Running phase: Initialization ( 0.03s )
Running phase: Providers initialization ( 0.03s )
Running phase: Input binary to LLVM IR decoding ( 0.05s )
Running phase: LLVM ( 0.06s )
Running phase: x86 address spaces optimization ( 0.06s )
Running phase: x87 fpu register analysis ( 0.06s )
Running phase: Main function identification optimization ( 0.06s )
Running phase: Libgcc idioms optimization ( 0.06s )
Running phase: LLVM instruction optimization ( 0.06s )
Running phase: Conditional branch optimization ( 0.06s )
Running phase: Syscalls optimization ( 0.06s )
Running phase: Stack optimization ( 0.06s )
Running phase: Constants optimization ( 0.06s )
Running phase: Function parameters and returns optimization ( 0.06s )
Running phase: LLVM instruction optimization using RDA ( 0.06s )
Running phase: LLVM instruction optimization ( 0.06s )
Running phase: Simple types recovery optimization ( 0.06s )
Running phase: Disassembly generation ( 0.06s )
Running phase: Assembly mapping instruction removal ( 0.06s )
Running phase: C++ class hierarchy optimization ( 0.06s )
Running phase: Selected functions optimization ( 0.06s )
Running phase: Unreachable functions optimization ( 0.06s )
Running phase: LLVM instruction optimization ( 0.06s )
Running phase: Make all registers local ( 0.06s )
Running phase: Value protection optimization ( 0.06s )
Running phase: LLVM ( 0.06s )
Running phase: LLVM instruction optimization ( 0.07s )
Running phase: Simple types recovery optimization ( 0.07s )
Running phase: Stack pointer operations optimization ( 0.07s )
Running phase: Instruction idioms optimization ( 0.07s )
Running phase: LLVM ( 0.07s )
Running phase: LLVM instruction optimization ( 0.07s )
Running phase: Instruction idioms optimization ( 0.07s )
Running phase: Phi removal ( 0.07s )
Running phase: LLVM ( 0.07s )
Running phase: Value protection optimization ( 0.07s )
Running phase: Generate the current LLVM IR ( 0.07s )
Running phase: Generate the current bitcode ( 0.07s )
Running phase: LLVM IR -> HLL ( 0.07s )
Running phase: initialization ( 0.07s )
 -> loading the input config ( 0.07s )
 -> creating the used HLL writer [c] ( 0.07s )
 -> creating the used alias analysis [simple] ( 0.07s )
 -> creating the used call info obtainer [optim] ( 0.07s )
 -> creating the used evaluator of arithmetical expressions [c] ( 0.07s )
 -> creating the used variable names generator [fruit] ( 0.07s )
 -> creating the used variable renamer [readable] ( 0.07s )
 -> creating the used semantics [libc,gcc-general,win-api] ( 0.07s )
Running phase: conversion of LLVM IR into BIR ( 0.07s )
 -> converting global variables ( 0.07s )
 -> converting function _init ( 0.07s )
 -> converting function function_1060 ( 0.07s )
 -> converting function function_1070 ( 0.07s )
 -> converting function function_1080 ( 0.07s )
 -> converting function function_1090 ( 0.07s )
 -> converting function main ( 0.07s )
 -> converting function _start ( 0.07s )
 -> converting function deregister_tm_clones ( 0.07s )
 -> converting function register_tm_clones ( 0.07s )
 -> converting function __do_global_dtors_aux ( 0.07s )
 -> converting function frame_dummy ( 0.07s )
 -> converting function libtarg_success ( 0.07s )
 -> converting function libtarg_fail ( 0.07s )
 -> converting function libtarg_putc ( 0.08s )
 -> converting function libtarg_sbrk ( 0.08s )
 -> converting function libmin_puts ( 0.08s )
 -> converting function libmin_success ( 0.08s )
 -> converting function _fini ( 0.08s )
Running phase: removing functions from standard libraries ( 0.08s )
Running phase: removing code that is not reachable in a CFG ( 0.08s )
Running phase: signed/unsigned types fixing ( 0.08s )
Running phase: converting LLVM intrinsic functions to standard functions ( 0.08s )
Running phase: obtaining debug information ( 0.08s )
Running phase: alias analysis [simple] ( 0.08s )
Running phase: optimizations ( 0.08s )
 -> running GotoStmtOptimizer ( 0.08s )
 -> running RemoveUselessCastsOptimizer ( 0.08s )
 -> running UnusedGlobalVarOptimizer ( 0.08s )
 -> running DeadLocalAssignOptimizer ( 0.08s )
 -> running SimpleCopyPropagationOptimizer ( 0.08s )
 -> running CopyPropagationOptimizer ( 0.08s )
 -> running SimplifyArithmExprOptimizer ( 0.08s )
 -> running IfStructureOptimizer ( 0.08s )
 -> running LoopLastContinueOptimizer ( 0.08s )
 -> running PreWhileTrueLoopConvOptimizer ( 0.08s )
 -> running WhileTrueToForLoopOptimizer ( 0.08s )
 -> running WhileTrueToWhileCondOptimizer ( 0.08s )
 -> running IfBeforeLoopOptimizer ( 0.08s )
 -> running LLVMIntrinsicsOptimizer ( 0.08s )
 -> running VoidReturnOptimizer ( 0.08s )
 -> running BreakContinueReturnOptimizer ( 0.08s )
 -> running BitShiftOptimizer ( 0.08s )
 -> running DerefAddressOptimizer ( 0.08s )
 -> running EmptyArrayToStringOptimizer ( 0.08s )
 -> running BitOpToLogOpOptimizer ( 0.08s )
 -> running SimplifyArithmExprOptimizer ( 0.08s )
 -> running UnusedGlobalVarOptimizer ( 0.08s )
 -> running DeadLocalAssignOptimizer ( 0.08s )
 -> running SimpleCopyPropagationOptimizer ( 0.08s )
 -> running CopyPropagationOptimizer ( 0.08s )
 -> running SelfAssignOptimizer ( 0.08s )
 -> running VarDefForLoopOptimizer ( 0.08s )
 -> running VarDefStmtOptimizer ( 0.08s )
 -> running EmptyStmtOptimizer ( 0.08s )
 -> running GotoStmtOptimizer ( 0.08s )
 -> running SimplifyArithmExprOptimizer ( 0.08s )
 -> running DeadCodeOptimizer ( 0.08s )
 -> running DerefToArrayIndexOptimizer ( 0.08s )
 -> running IfToSwitchOptimizer ( 0.08s )
 -> running CCastOptimizer ( 0.08s )
 -> running CArrayArgOptimizer ( 0.08s )
Running phase: variable renaming [readable] ( 0.08s )
Running phase: converting constants to symbolic names ( 0.08s )
Running phase: module validation ( 0.08s )
 -> running BreakOutsideLoopValidator ( 0.08s )
 -> running NoGlobalVarDefValidator ( 0.08s )
 -> running ReturnValidator ( 0.08s )
Running phase: emission of the target code [c] ( 0.08s )
Running phase: finalization ( 0.08s )
Running phase: cleanup ( 0.08s )
